<?xml version="1.0" encoding="UTF-8"?>
<!-- Generated by org.testng.reporters.JUnitReportReporter -->
<testsuite hostname="DESKTOP-V720RG9" failures="1" tests="1" name="pack04.testNgOfFlipkart" time="37.443" errors="0" timestamp="2022-05-31T08:55:01 IST" skipped="0">
  <testcase classname="pack04.testNgOfFlipkart" name="verifyTheGloceryTab" time="37.443">
    <failure message="expected [https://www.flipkart.com/grocery-supermart-store?marketplace=GROCERY&amp;fm=neo%2Fmerchandising&amp;iid=M_c3cb9595-8c27-4741-9c72-c2716808e832_2_372UD5BXDFYS_MC.CBUR1Q46W5F1&amp;otracker=hp_rich_navigation_2_2.navigationCard.RICH_NAVIGATION_Grocery_CBUR1Q46W5F1&amp;otracker1=hp_rich_navigation_PINNED_neo%2Fmerchandising_NA_NAV_EXPANDABLE_navigationCard_cc_2_L0_view-all&amp;cid=CBUR1Q46W5F1] but found [//www.flipkart.com/grocery-supermart-store?marketplace=GROCERY&amp;fm=neo%2Fmerchandising&amp;iid=M_92bc90ec-4de0-4613-842b-806678fefa01_1_372UD5BXDFYS_MC.CBUR1Q46W5F1&amp;otracker=hp_rich_navigation_2_1.navigationCard.RICH_NAVIGATION_Grocery_CBUR1Q46W5F1&amp;otracker1=hp_rich_navigation_PINNED_neo%2Fmerchandising_NA_NAV_EXPANDABLE_navigationCard_cc_2_L0_view-all&amp;cid=CBUR1Q46W5F1]" type="java.lang.AssertionError">
      <![CDATA[java.lang.AssertionError: expected [https://www.flipkart.com/grocery-supermart-store?marketplace=GROCERY&fm=neo%2Fmerchandising&iid=M_c3cb9595-8c27-4741-9c72-c2716808e832_2_372UD5BXDFYS_MC.CBUR1Q46W5F1&otracker=hp_rich_navigation_2_2.navigationCard.RICH_NAVIGATION_Grocery_CBUR1Q46W5F1&otracker1=hp_rich_navigation_PINNED_neo%2Fmerchandising_NA_NAV_EXPANDABLE_navigationCard_cc_2_L0_view-all&cid=CBUR1Q46W5F1] but found [//www.flipkart.com/grocery-supermart-store?marketplace=GROCERY&fm=neo%2Fmerchandising&iid=M_92bc90ec-4de0-4613-842b-806678fefa01_1_372UD5BXDFYS_MC.CBUR1Q46W5F1&otracker=hp_rich_navigation_2_1.navigationCard.RICH_NAVIGATION_Grocery_CBUR1Q46W5F1&otracker1=hp_rich_navigation_PINNED_neo%2Fmerchandising_NA_NAV_EXPANDABLE_navigationCard_cc_2_L0_view-all&cid=CBUR1Q46W5F1]
at org.testng.Assert.fail(Assert.java:99)
at org.testng.Assert.failNotEquals(Assert.java:1037)
at org.testng.Assert.assertEqualsImpl(Assert.java:140)
at org.testng.Assert.assertEquals(Assert.java:122)
at org.testng.Assert.assertEquals(Assert.java:629)
at org.testng.Assert.assertEquals(Assert.java:639)
at pack04.testNgOfFlipkart.verifyTheGloceryTab(testNgOfFlipkart.java:85)
at java.base/jdk.internal.reflect.NativeMethodAccessorImpl.invoke0(Native Method)
at java.base/jdk.internal.reflect.NativeMethodAccessorImpl.invoke(NativeMethodAccessorImpl.java:77)
at java.base/jdk.internal.reflect.DelegatingMethodAccessorImpl.invoke(DelegatingMethodAccessorImpl.java:43)
at java.base/java.lang.reflect.Method.invoke(Method.java:568)
at org.testng.internal.MethodInvocationHelper.invokeMethod(MethodInvocationHelper.java:133)
at org.testng.internal.TestInvoker.invokeMethod(TestInvoker.java:598)
at org.testng.internal.TestInvoker.invokeTestMethod(TestInvoker.java:173)
at org.testng.internal.MethodRunner.runInSequence(MethodRunner.java:46)
at org.testng.internal.TestInvoker$MethodInvocationAgent.invoke(TestInvoker.java:824)
at org.testng.internal.TestInvoker.invokeTestMethods(TestInvoker.java:146)
at org.testng.internal.TestMethodWorker.invokeTestMethods(TestMethodWorker.java:146)
at org.testng.internal.TestMethodWorker.run(TestMethodWorker.java:128)
at java.base/java.util.concurrent.ThreadPoolExecutor.runWorker(ThreadPoolExecutor.java:1136)
at java.base/java.util.concurrent.ThreadPoolExecutor$Worker.run(ThreadPoolExecutor.java:635)
at java.base/java.lang.Thread.run(Thread.java:833)
]]>
    </failure>
  </testcase> <!-- verifyTheGloceryTab -->
  <system-out/>
</testsuite> <!-- pack04.testNgOfFlipkart -->
